*** Now run 'make gdb'.
***
6828 decimal is 15254 octal!
entering test_backtrace 5
entering test_backtrace 4
entering test_backtrace 3
entering test_backtrace 2
entering test_backtrace 1
entering test_backtrace 0
Stack backtrace:
ebp f0111f18 eip f010006a args 00000000 00000000 00000000 00000000 f0100f2c
	     kern/init.c:0: test_backtrace+42
ebp f0111f38 eip f010008f args 00000000 00000001 f0111f78 00000000 f0100f2c
	     kern/init.c:0: test_backtrace+79
ebp f0111f58 eip f010008f args 00000001 00000002 f0111f98 00000000 f0100f2c
	     kern/init.c:0: test_backtrace+79
ebp f0111f78 eip f010008f args 00000002 00000003 f0111fb8 00000000 f0100f2c
	     kern/init.c:0: test_backtrace+79
ebp f0111f98 eip f010008f args 00000003 00000004 00000000 00000000 00000000
	     kern/init.c:0: test_backtrace+79
ebp f0111fb8 eip f010008f args 00000004 00000005 00000000 00010094 00010094
	     kern/init.c:0: test_backtrace+79
ebp f0111fd8 eip f01000d4 args 00000005 00001aac 00000654 00000000 00000000
	     kern/init.c:0: i386_init+64
ebp f0111ff8 eip f010003e args 00000000 00000000 00000000 00000000 00000000
	     {standard input}:0: <unknown>+0
leaving test_backtrace 0
leaving test_backtrace 1
leaving test_backtrace 2
leaving test_backtrace 3
leaving test_backtrace 4
leaving test_backtrace 5
Welcome to the DEOS kernel monitor!
Type 'help' for a list of commands.
qemu-system-i386: QEMU: Terminated via GDBstub
